<?xml version="1.0" encoding="UTF-8"?>
<!-- Generated by org.testng.reporters.JUnitReportReporter -->
<testsuite hostname="MONO-HYD-LAP397" failures="0" tests="4" name="prcatice.demo" time="4.455" errors="0" timestamp="2023-09-09T10:47:39 IST" skipped="0">
  <testcase classname="prcatice.demo" name="updateUser" time="0.523"/>
  <system-out/>
  <testcase classname="prcatice.demo" name="getuser" time="0.599"/>
  <system-out/>
  <testcase classname="prcatice.demo" name="getupdateduser" time="0.236"/>
  <system-out/>
  <testcase classname="prcatice.demo" name="createUser" time="3.097"/>
  <system-out/>
</testsuite> <!-- prcatice.demo -->
