<?xml version="1.0" encoding="UTF-8"?>
<!-- Generated by org.testng.reporters.JUnitReportReporter -->
<testsuite hostname="MONO-HYD-LAP397" failures="0" tests="1" name="SeleniumPractice.Test1" time="4.644" errors="0" timestamp="2024-06-17T16:15:12 IST" skipped="0">
  <testcase classname="SeleniumPractice.Test1" name="test1" time="4.644"/>
  <system-out/>
</testsuite> <!-- SeleniumPractice.Test1 -->
