<?xml version="1.0" encoding="UTF-8"?>
<!-- Generated by org.testng.reporters.JUnitReportReporter -->
<testsuite hostname="MONO-HYD-LAP397" failures="0" tests="1" name="prcatice.Demo1" time="1.274" errors="0" timestamp="2023-09-12T21:54:15 IST" skipped="0">
  <testcase classname="prcatice.Demo1" name="postRequest" time="1.274"/>
  <system-out/>
</testsuite> <!-- prcatice.Demo1 -->
